
=== Sun Jun 26 13:41:08 2022

Packages were changed.
Update Mode: mergeDefaultDependencies

The following packages were added:
  com.unity.collab-proxy@1.15.12
  com.unity.ide.rider@2.0.7
  com.unity.ide.visualstudio@2.0.14
  com.unity.ide.vscode@1.2.4
  com.unity.modules.ai@1.0.0
  com.unity.modules.androidjni@1.0.0
  com.unity.modules.animation@1.0.0
  com.unity.modules.assetbundle@1.0.0
  com.unity.modules.audio@1.0.0
  com.unity.modules.cloth@1.0.0
  com.unity.modules.director@1.0.0
  com.unity.modules.imageconversion@1.0.0
  com.unity.modules.imgui@1.0.0
  com.unity.modules.jsonserialize@1.0.0
  com.unity.modules.particlesystem@1.0.0
  com.unity.modules.physics@1.0.0
  com.unity.modules.physics2d@1.0.0
  com.unity.modules.screencapture@1.0.0
  com.unity.modules.terrain@1.0.0
  com.unity.modules.terrainphysics@1.0.0
  com.unity.modules.tilemap@1.0.0
  com.unity.modules.ui@1.0.0
  com.unity.modules.uielements@1.0.0
  com.unity.modules.umbra@1.0.0
  com.unity.modules.unityanalytics@1.0.0
  com.unity.modules.unitywebrequest@1.0.0
  com.unity.modules.unitywebrequestassetbundle@1.0.0
  com.unity.modules.unitywebrequestaudio@1.0.0
  com.unity.modules.unitywebrequesttexture@1.0.0
  com.unity.modules.unitywebrequestwww@1.0.0
  com.unity.modules.vehicles@1.0.0
  com.unity.modules.video@1.0.0
  com.unity.modules.vr@1.0.0
  com.unity.modules.wind@1.0.0
  com.unity.modules.xr@1.0.0
  com.unity.test-framework@1.1.29
  com.unity.textmeshpro@3.0.6
  com.unity.timeline@1.4.8
  com.unity.ugui@1.0.0

=== Sun Aug 18 15:47:15 2024

Packages were changed.
Update Mode: updateDependencies

The following packages were added:
  com.unity.ai.navigation@2.0.0
  com.unity.modules.accessibility@1.0.0
The following packages were updated:
  com.unity.cinemachine from version 2.6.15 to 2.10.0
  com.unity.collab-proxy from version 1.15.12 to 2.3.1
  com.unity.ide.rider from version 2.0.7 to 3.0.28
  com.unity.ide.visualstudio from version 2.0.14 to 2.0.22
  com.unity.postprocessing from version 3.2.2 to 3.4.0
  com.unity.test-framework from version 1.1.29 to 1.4.3
  com.unity.timeline from version 1.4.8 to 1.8.6
  com.unity.toolchain.win-x86_64-linux-x86_64 from version 2.0.2 to 2.0.4
  com.unity.ugui from version 1.0.0 to 2.0.0
The following packages were removed:
  com.unity.textmeshpro@3.0.6

=== Fri Mar 28 17:28:26 2025

Packages were changed.
Update Mode: updateDependencies

The following packages were added:
  com.unity.multiplayer.center@1.0.0
The following packages were updated:
  com.unity.ai.navigation from version 2.0.0 to 2.0.5
  com.unity.cinemachine from version 2.10.0 to 2.10.3
  com.unity.collab-proxy from version 2.3.1 to 2.6.0
  com.unity.test-framework from version 1.4.3 to 1.4.5
  com.unity.timeline from version 1.8.6 to 1.8.7
  com.unity.toolchain.win-x86_64-linux-x86_64 from version 2.0.4 to 2.0.10

=== Sun Dec  7 19:04:06 2025

Packages were changed.
Update Mode: updateDependencies

The following packages were updated:
  com.unity.ai.navigation from version 2.0.8 to 2.0.9
  com.unity.cinemachine from version 2.10.3 to 2.10.4
  com.unity.collab-proxy from version 2.6.0 to 2.10.2
  com.unity.ide.rider from version 3.0.31 to 3.0.38
  com.unity.ide.visualstudio from version 2.0.22 to 2.0.25
  com.unity.postprocessing from version 3.4.0 to 3.5.0
  com.unity.sentis from version 2.1.3 to 2.2.0
  com.unity.test-framework from version 1.4.5 to 1.6.0
  com.unity.timeline from version 1.8.7 to 1.8.9
